# Logfile created on Sun Feb 08 23:25:33 -0500 2009 by /
  [4;36;1mSQL (0.2ms)[0m   [0;1mSET NAMES 'utf8'[0m
  [4;35;1mSQL (0.1ms)[0m   [0mSET SQL_AUTO_IS_NULL=0[0m
  [4;36;1mSQL (0.1ms)[0m   [0;1mBEGIN[0m
  [4;35;1mSQL (0.1ms)[0m   [0mROLLBACK[0m
  [4;36;1mSQL (0.2ms)[0m   [0;1mSET NAMES 'utf8'[0m
  [4;35;1mSQL (0.1ms)[0m   [0mSET SQL_AUTO_IS_NULL=0[0m
  [4;36;1mSQL (0.1ms)[0m   [0;1mBEGIN[0m
  [4;35;1mSQL (0.1ms)[0m   [0mROLLBACK[0m
  [4;36;1mSQL (0.2ms)[0m   [0;1mSET NAMES 'utf8'[0m
  [4;35;1mSQL (0.1ms)[0m   [0mSET SQL_AUTO_IS_NULL=0[0m
  [4;36;1mSQL (0.1ms)[0m   [0;1mBEGIN[0m
  [4;35;1mSQL (0.1ms)[0m   [0mROLLBACK[0m
  [4;36;1mSQL (0.2ms)[0m   [0;1mSET NAMES 'utf8'[0m
  [4;35;1mSQL (0.1ms)[0m   [0mSET SQL_AUTO_IS_NULL=0[0m
  [4;36;1mSQL (0.1ms)[0m   [0;1mBEGIN[0m
  [4;35;1mSQL (0.1ms)[0m   [0mROLLBACK[0m
  [4;36;1mSQL (0.2ms)[0m   [0;1mSET NAMES 'utf8'[0m
  [4;35;1mSQL (0.1ms)[0m   [0mSET SQL_AUTO_IS_NULL=0[0m
  [4;36;1mSQL (0.1ms)[0m   [0;1mBEGIN[0m
  [4;35;1mSQL (0.1ms)[0m   [0mROLLBACK[0m
  [4;36;1mSQL (0.2ms)[0m   [0;1mSET NAMES 'utf8'[0m
  [4;35;1mSQL (0.1ms)[0m   [0mSET SQL_AUTO_IS_NULL=0[0m
  [4;36;1mSQL (0.1ms)[0m   [0;1mBEGIN[0m
  [4;35;1mSQL (0.1ms)[0m   [0mROLLBACK[0m
  [4;36;1mSQL (0.2ms)[0m   [0;1mSET NAMES 'utf8'[0m
  [4;35;1mSQL (0.1ms)[0m   [0mSET SQL_AUTO_IS_NULL=0[0m
  [4;36;1mSQL (0.1ms)[0m   [0;1mBEGIN[0m
  [4;35;1mSQL (0.1ms)[0m   [0mROLLBACK[0m
  [4;36;1mSQL (0.1ms)[0m   [0;1mBEGIN[0m
  [4;35;1mSQL (0.1ms)[0m   [0mROLLBACK[0m
  [4;36;1mSQL (0.2ms)[0m   [0;1mSET NAMES 'utf8'[0m
  [4;35;1mSQL (0.1ms)[0m   [0mSET SQL_AUTO_IS_NULL=0[0m
  [4;36;1mSQL (0.1ms)[0m   [0;1mBEGIN[0m
  [4;35;1mSQL (0.1ms)[0m   [0mROLLBACK[0m
  [4;36;1mSQL (0.0ms)[0m   [0;1mBEGIN[0m
  [4;35;1mSQL (0.1ms)[0m   [0mROLLBACK[0m
  [4;36;1mSQL (0.0ms)[0m   [0;1mBEGIN[0m
  [4;35;1mSQL (0.0ms)[0m   [0mROLLBACK[0m
  [4;36;1mSQL (0.2ms)[0m   [0;1mSET NAMES 'utf8'[0m
  [4;35;1mSQL (0.1ms)[0m   [0mSET SQL_AUTO_IS_NULL=0[0m
  [4;36;1mSQL (0.1ms)[0m   [0;1mBEGIN[0m
  [4;35;1mSQL (0.1ms)[0m   [0mROLLBACK[0m
  [4;36;1mSQL (0.0ms)[0m   [0;1mBEGIN[0m
  [4;35;1mSQL (0.1ms)[0m   [0mROLLBACK[0m
  [4;36;1mSQL (0.0ms)[0m   [0;1mBEGIN[0m
  [4;35;1mSQL (0.0ms)[0m   [0mROLLBACK[0m
  [4;36;1mSQL (0.2ms)[0m   [0;1mSET NAMES 'utf8'[0m
  [4;35;1mSQL (0.1ms)[0m   [0mSET SQL_AUTO_IS_NULL=0[0m
  [4;36;1mSQL (0.1ms)[0m   [0;1mBEGIN[0m
  [4;35;1mSQL (0.1ms)[0m   [0mROLLBACK[0m
  [4;36;1mSQL (0.0ms)[0m   [0;1mBEGIN[0m
  [4;35;1mSQL (0.1ms)[0m   [0mROLLBACK[0m
  [4;36;1mSQL (0.0ms)[0m   [0;1mBEGIN[0m
  [4;35;1mSQL (0.0ms)[0m   [0mROLLBACK[0m
  [4;36;1mSQL (0.2ms)[0m   [0;1mSET NAMES 'utf8'[0m
  [4;35;1mSQL (0.1ms)[0m   [0mSET SQL_AUTO_IS_NULL=0[0m
  [4;36;1mSQL (0.1ms)[0m   [0;1mBEGIN[0m
  [4;35;1mSQL (0.1ms)[0m   [0mROLLBACK[0m
  [4;36;1mSQL (0.1ms)[0m   [0;1mBEGIN[0m
  [4;35;1mSQL (0.1ms)[0m   [0mROLLBACK[0m
  [4;36;1mSQL (0.0ms)[0m   [0;1mBEGIN[0m
  [4;35;1mSQL (0.1ms)[0m   [0mROLLBACK[0m
  [4;36;1mSQL (0.0ms)[0m   [0;1mBEGIN[0m
  [4;35;1mSQL (0.0ms)[0m   [0mROLLBACK[0m
  [4;36;1mSQL (0.0ms)[0m   [0;1mBEGIN[0m
  [4;35;1mSQL (0.1ms)[0m   [0mROLLBACK[0m
  [4;36;1mSQL (0.0ms)[0m   [0;1mBEGIN[0m
  [4;35;1mSQL (0.0ms)[0m   [0mROLLBACK[0m
  [4;36;1mSQL (0.2ms)[0m   [0;1mSET NAMES 'utf8'[0m
  [4;35;1mSQL (0.1ms)[0m   [0mSET SQL_AUTO_IS_NULL=0[0m
  [4;36;1mSQL (0.1ms)[0m   [0;1mBEGIN[0m
  [4;35;1mSQL (0.1ms)[0m   [0mROLLBACK[0m
  [4;36;1mSQL (0.1ms)[0m   [0;1mBEGIN[0m
  [4;35;1mSQL (0.1ms)[0m   [0mROLLBACK[0m
  [4;36;1mSQL (0.1ms)[0m   [0;1mBEGIN[0m
  [4;35;1mSQL (0.1ms)[0m   [0mROLLBACK[0m
  [4;36;1mSQL (0.1ms)[0m   [0;1mBEGIN[0m
  [4;35;1mSQL (0.1ms)[0m   [0mROLLBACK[0m
  [4;36;1mSQL (0.1ms)[0m   [0;1mBEGIN[0m
  [4;35;1mSQL (0.1ms)[0m   [0mROLLBACK[0m
  [4;36;1mSQL (0.1ms)[0m   [0;1mBEGIN[0m
  [4;35;1mSQL (0.1ms)[0m   [0mROLLBACK[0m
  [4;36;1mSQL (0.2ms)[0m   [0;1mSET NAMES 'utf8'[0m
  [4;35;1mSQL (0.1ms)[0m   [0mSET SQL_AUTO_IS_NULL=0[0m
  [4;36;1mSQL (0.1ms)[0m   [0;1mBEGIN[0m
  [4;35;1mSQL (0.1ms)[0m   [0mROLLBACK[0m
  [4;36;1mSQL (0.1ms)[0m   [0;1mBEGIN[0m
  [4;35;1mSQL (0.1ms)[0m   [0mROLLBACK[0m
  [4;36;1mSQL (0.1ms)[0m   [0;1mBEGIN[0m
  [4;35;1mSQL (0.1ms)[0m   [0mROLLBACK[0m
  [4;36;1mSQL (0.1ms)[0m   [0;1mBEGIN[0m
  [4;35;1mSQL (0.1ms)[0m   [0mROLLBACK[0m
  [4;36;1mSQL (0.1ms)[0m   [0;1mBEGIN[0m
  [4;35;1mSQL (0.1ms)[0m   [0mROLLBACK[0m
  [4;36;1mSQL (0.1ms)[0m   [0;1mBEGIN[0m
  [4;35;1mSQL (0.1ms)[0m   [0mROLLBACK[0m
  [4;36;1mSQL (0.2ms)[0m   [0;1mSET NAMES 'utf8'[0m
  [4;35;1mSQL (0.1ms)[0m   [0mSET SQL_AUTO_IS_NULL=0[0m
  [4;36;1mSQL (0.1ms)[0m   [0;1mBEGIN[0m
  [4;35;1mSQL (0.1ms)[0m   [0mROLLBACK[0m
  [4;36;1mSQL (0.1ms)[0m   [0;1mBEGIN[0m
  [4;35;1mSQL (0.1ms)[0m   [0mROLLBACK[0m
  [4;36;1mSQL (0.1ms)[0m   [0;1mBEGIN[0m
  [4;35;1mSQL (0.1ms)[0m   [0mROLLBACK[0m
  [4;36;1mSQL (0.1ms)[0m   [0;1mBEGIN[0m
  [4;35;1mSQL (0.1ms)[0m   [0mROLLBACK[0m
  [4;36;1mSQL (0.1ms)[0m   [0;1mBEGIN[0m
  [4;35;1mSQL (0.1ms)[0m   [0mROLLBACK[0m
  [4;36;1mSQL (0.1ms)[0m   [0;1mBEGIN[0m
  [4;35;1mSQL (0.1ms)[0m   [0mROLLBACK[0m
  [4;36;1mSQL (0.2ms)[0m   [0;1mSET NAMES 'utf8'[0m
  [4;35;1mSQL (0.1ms)[0m   [0mSET SQL_AUTO_IS_NULL=0[0m
  [4;36;1mSQL (0.1ms)[0m   [0;1mBEGIN[0m
  [4;35;1mSQL (0.1ms)[0m   [0mROLLBACK[0m
  [4;36;1mSQL (0.1ms)[0m   [0;1mBEGIN[0m
  [4;35;1mSQL (0.1ms)[0m   [0mROLLBACK[0m
  [4;36;1mSQL (0.0ms)[0m   [0;1mBEGIN[0m
  [4;35;1mSQL (0.0ms)[0m   [0mROLLBACK[0m
  [4;36;1mSQL (0.0ms)[0m   [0;1mBEGIN[0m
  [4;35;1mSQL (0.1ms)[0m   [0mROLLBACK[0m
  [4;36;1mSQL (0.1ms)[0m   [0;1mBEGIN[0m
  [4;35;1mSQL (0.1ms)[0m   [0mROLLBACK[0m
  [4;36;1mSQL (0.1ms)[0m   [0;1mBEGIN[0m
  [4;35;1mSQL (0.1ms)[0m   [0mROLLBACK[0m
  [4;36;1mSQL (0.2ms)[0m   [0;1mSET NAMES 'utf8'[0m
  [4;35;1mSQL (0.1ms)[0m   [0mSET SQL_AUTO_IS_NULL=0[0m
  [4;36;1mSQL (0.1ms)[0m   [0;1mBEGIN[0m
  [4;35;1mSQL (0.1ms)[0m   [0mROLLBACK[0m
  [4;36;1mSQL (0.1ms)[0m   [0;1mBEGIN[0m
  [4;35;1mSQL (0.1ms)[0m   [0mROLLBACK[0m
  [4;36;1mSQL (0.1ms)[0m   [0;1mBEGIN[0m
  [4;35;1mSQL (0.1ms)[0m   [0mROLLBACK[0m
  [4;36;1mSQL (0.1ms)[0m   [0;1mBEGIN[0m
  [4;35;1mSQL (0.1ms)[0m   [0mROLLBACK[0m
  [4;36;1mSQL (0.1ms)[0m   [0;1mBEGIN[0m
  [4;35;1mSQL (0.1ms)[0m   [0mROLLBACK[0m
  [4;36;1mSQL (0.1ms)[0m   [0;1mBEGIN[0m
  [4;35;1mSQL (0.1ms)[0m   [0mROLLBACK[0m
  [4;36;1mSQL (0.2ms)[0m   [0;1mSET NAMES 'utf8'[0m
  [4;35;1mSQL (0.1ms)[0m   [0mSET SQL_AUTO_IS_NULL=0[0m
  [4;36;1mSQL (0.1ms)[0m   [0;1mBEGIN[0m
  [4;35;1mSQL (0.1ms)[0m   [0mROLLBACK[0m
  [4;36;1mSQL (0.1ms)[0m   [0;1mBEGIN[0m
  [4;35;1mSQL (0.1ms)[0m   [0mROLLBACK[0m
  [4;36;1mSQL (0.1ms)[0m   [0;1mBEGIN[0m
  [4;35;1mSQL (0.1ms)[0m   [0mROLLBACK[0m
  [4;36;1mSQL (0.0ms)[0m   [0;1mBEGIN[0m
  [4;35;1mSQL (0.0ms)[0m   [0mROLLBACK[0m
  [4;36;1mSQL (0.0ms)[0m   [0;1mBEGIN[0m
  [4;35;1mSQL (0.1ms)[0m   [0mROLLBACK[0m
  [4;36;1mSQL (0.0ms)[0m   [0;1mBEGIN[0m
  [4;35;1mSQL (0.1ms)[0m   [0mROLLBACK[0m
